<?xml version="1.0" encoding="UTF-8"?>
<testsuites>
  <testsuite name="Application" tests="14" assertions="27" failures="0" errors="0" time="0.065678">
    <testsuite name="CrocCrocTest\Application\Injector\ContainerTest" file="/home/chris/PhpstormProjects/CrocoPhp/test/CrocCrocTest/Application/Injector/ContainerTest.php" tests="14" assertions="27" failures="0" errors="0" time="0.065678">
      <testcase name="testGetSetHasAliases" class="CrocCrocTest\Application\Injector\ContainerTest" file="/home/chris/PhpstormProjects/CrocoPhp/test/CrocCrocTest/Application/Injector/ContainerTest.php" line="32" assertions="4" time="0.004400"/>
      <testcase name="testAddAlias" class="CrocCrocTest\Application\Injector\ContainerTest" file="/home/chris/PhpstormProjects/CrocoPhp/test/CrocCrocTest/Application/Injector/ContainerTest.php" line="47" assertions="2" time="0.007079"/>
      <testsuite name="CrocCrocTest\Application\Injector\ContainerTest::testGet" tests="5" assertions="10" failures="0" errors="0" time="0.030100">
        <testcase name="testGet with data set #0" assertions="3" time="0.015019"/>
        <testcase name="testGet with data set #1" assertions="3" time="0.009659"/>
        <testcase name="testGet with data set #2" assertions="2" time="0.001595"/>
        <testcase name="testGet with data set #3" assertions="1" time="0.002352"/>
        <testcase name="testGet with data set #4" assertions="1" time="0.001475"/>
      </testsuite>
      <testcase name="testGetNoneStored" class="CrocCrocTest\Application\Injector\ContainerTest" file="/home/chris/PhpstormProjects/CrocoPhp/test/CrocCrocTest/Application/Injector/ContainerTest.php" line="129" assertions="3" time="0.010595"/>
      <testcase name="testSetGetFactory" class="CrocCrocTest\Application\Injector\ContainerTest" file="/home/chris/PhpstormProjects/CrocoPhp/test/CrocCrocTest/Application/Injector/ContainerTest.php" line="146" assertions="2" time="0.001317"/>
      <testsuite name="CrocCrocTest\Application\Injector\ContainerTest::testHas" tests="4" assertions="4" failures="0" errors="0" time="0.010707">
        <testcase name="testHas with data set #0" assertions="1" time="0.002628"/>
        <testcase name="testHas with data set #1" assertions="1" time="0.002793"/>
        <testcase name="testHas with data set #2" assertions="1" time="0.002514"/>
        <testcase name="testHas with data set #3" assertions="1" time="0.002772"/>
      </testsuite>
      <testcase name="testUnStoredNextObject" class="CrocCrocTest\Application\Injector\ContainerTest" file="/home/chris/PhpstormProjects/CrocoPhp/test/CrocCrocTest/Application/Injector/ContainerTest.php" line="181" assertions="2" time="0.001480"/>
    </testsuite>
  </testsuite>
</testsuites>
